<?xml version="1.0" encoding="UTF-8"?>
<testng-results skipped="1" failed="1" total="4" passed="2">
  <reporter-output>
  </reporter-output>
  <suite name="SHOP BY" duration-ms="165537" started-at="2016-05-20T07:43:06Z" finished-at="2016-05-20T07:45:51Z">
    <groups>
    </groups>
    <test name="shop by Test" duration-ms="165537" started-at="2016-05-20T07:43:06Z" finished-at="2016-05-20T07:45:51Z">
      <class name="com.fastudent.shopby.Homepage">
        <test-method status="PASS" signature="checkSuiteSkip()[pri:0, instance:com.fastudent.shopby.Homepage@13fee20c]" name="checkSuiteSkip" is-config="true" duration-ms="1" started-at="2016-05-20T13:13:06Z" finished-at="2016-05-20T13:13:06Z">
          <reporter-output>
          </reporter-output>
        </test-method> <!-- checkSuiteSkip -->
        <test-method status="PASS" signature="checkTestSkip()[pri:0, instance:com.fastudent.shopby.Homepage@13fee20c]" name="checkTestSkip" is-config="true" duration-ms="0" started-at="2016-05-20T13:13:06Z" finished-at="2016-05-20T13:13:06Z">
          <reporter-output>
          </reporter-output>
        </test-method> <!-- checkTestSkip -->
        <test-method status="FAIL" signature="ShopByBrand()[pri:0, instance:com.fastudent.shopby.Homepage@13fee20c]" name="ShopByBrand" duration-ms="165436" started-at="2016-05-20T13:13:06Z" finished-at="2016-05-20T13:15:51Z">
          <exception class="org.openqa.selenium.NoSuchElementException">
            <message>
              <![CDATA[Unable to locate element: {"method":"class name","selector":"content"}
Command duration or timeout: 30.04 seconds
For documentation on this error, please visit: http://seleniumhq.org/exceptions/no_such_element.html
Build info: version: '2.53.0', revision: '35ae25b', time: '2016-03-15 16:57:40'
System info: host: 'Apurwa-PC', ip: '192.168.0.150', os.name: 'Windows 7', os.arch: 'amd64', os.version: '6.1', java.version: '1.8.0_74'
Driver info: org.openqa.selenium.firefox.FirefoxDriver
Capabilities [{applicationCacheEnabled=true, rotatable=false, handlesAlerts=true, databaseEnabled=true, version=46.0.1, platform=WINDOWS, nativeEvents=false, acceptSslCerts=true, webStorageEnabled=true, locationContextEnabled=true, browserName=firefox, takesScreenshot=true, javascriptEnabled=true, cssSelectorsEnabled=true}]
Session ID: ef0413fa-792e-422c-9e30-96a5e096be6c
*** Element info: {Using=class name, value=content}]]>
            </message>
            <full-stacktrace>
              <![CDATA[org.openqa.selenium.NoSuchElementException: Unable to locate element: {"method":"class name","selector":"content"}
Command duration or timeout: 30.04 seconds
For documentation on this error, please visit: http://seleniumhq.org/exceptions/no_such_element.html
Build info: version: '2.53.0', revision: '35ae25b', time: '2016-03-15 16:57:40'
System info: host: 'Apurwa-PC', ip: '192.168.0.150', os.name: 'Windows 7', os.arch: 'amd64', os.version: '6.1', java.version: '1.8.0_74'
Driver info: org.openqa.selenium.firefox.FirefoxDriver
Capabilities [{applicationCacheEnabled=true, rotatable=false, handlesAlerts=true, databaseEnabled=true, version=46.0.1, platform=WINDOWS, nativeEvents=false, acceptSslCerts=true, webStorageEnabled=true, locationContextEnabled=true, browserName=firefox, takesScreenshot=true, javascriptEnabled=true, cssSelectorsEnabled=true}]
Session ID: ef0413fa-792e-422c-9e30-96a5e096be6c
*** Element info: {Using=class name, value=content}
	at sun.reflect.NativeConstructorAccessorImpl.newInstance0(Native Method)
	at sun.reflect.NativeConstructorAccessorImpl.newInstance(NativeConstructorAccessorImpl.java:62)
	at sun.reflect.DelegatingConstructorAccessorImpl.newInstance(DelegatingConstructorAccessorImpl.java:45)
	at java.lang.reflect.Constructor.newInstance(Constructor.java:423)
	at org.openqa.selenium.remote.ErrorHandler.createThrowable(ErrorHandler.java:206)
	at org.openqa.selenium.remote.ErrorHandler.throwIfResponseFailed(ErrorHandler.java:158)
	at org.openqa.selenium.remote.RemoteWebDriver.execute(RemoteWebDriver.java:678)
	at org.openqa.selenium.remote.RemoteWebDriver.findElement(RemoteWebDriver.java:363)
	at org.openqa.selenium.remote.RemoteWebDriver.findElementByClassName(RemoteWebDriver.java:477)
	at org.openqa.selenium.By$ByClassName.findElement(By.java:391)
	at org.openqa.selenium.remote.RemoteWebDriver.findElement(RemoteWebDriver.java:355)
	at com.fastudent.shopby.Homepage.ShopByBrand(Homepage.java:70)
	at sun.reflect.NativeMethodAccessorImpl.invoke0(Native Method)
	at sun.reflect.NativeMethodAccessorImpl.invoke(NativeMethodAccessorImpl.java:62)
	at sun.reflect.DelegatingMethodAccessorImpl.invoke(DelegatingMethodAccessorImpl.java:43)
	at java.lang.reflect.Method.invoke(Method.java:498)
	at org.testng.internal.MethodInvocationHelper.invokeMethod(MethodInvocationHelper.java:85)
	at org.testng.internal.Invoker.invokeMethod(Invoker.java:639)
	at org.testng.internal.Invoker.invokeTestMethod(Invoker.java:821)
	at org.testng.internal.Invoker.invokeTestMethods(Invoker.java:1131)
	at org.testng.internal.TestMethodWorker.invokeTestMethods(TestMethodWorker.java:124)
	at org.testng.internal.TestMethodWorker.run(TestMethodWorker.java:108)
	at org.testng.TestRunner.privateRun(TestRunner.java:773)
	at org.testng.TestRunner.run(TestRunner.java:623)
	at org.testng.SuiteRunner.runTest(SuiteRunner.java:357)
	at org.testng.SuiteRunner.runSequentially(SuiteRunner.java:352)
	at org.testng.SuiteRunner.privateRun(SuiteRunner.java:310)
	at org.testng.SuiteRunner.run(SuiteRunner.java:259)
	at org.testng.SuiteRunnerWorker.runSuite(SuiteRunnerWorker.java:52)
	at org.testng.SuiteRunnerWorker.run(SuiteRunnerWorker.java:86)
	at org.testng.TestNG.runSuitesSequentially(TestNG.java:1185)
	at org.testng.TestNG.runSuitesSequentially(TestNG.java:1181)
	at org.testng.TestNG.runSuitesLocally(TestNG.java:1110)
	at org.testng.TestNG.run(TestNG.java:1018)
	at org.testng.TestNG.privateMain(TestNG.java:1325)
	at org.testng.TestNG.main(TestNG.java:1294)
Caused by: org.openqa.selenium.NoSuchElementException: Unable to locate element: {"method":"class name","selector":"content"}
For documentation on this error, please visit: http://seleniumhq.org/exceptions/no_such_element.html
Build info: version: '2.53.0', revision: '35ae25b', time: '2016-03-15 16:57:40'
System info: host: 'Apurwa-PC', ip: '192.168.0.150', os.name: 'Windows 7', os.arch: 'amd64', os.version: '6.1', java.version: '1.8.0_74'
Driver info: driver.version: unknown
	at <anonymous class>.FirefoxDriver.prototype.findElementInternal_(file:///C:/Windows/TEMP/anonymous2933946421727741527webdriver-profile/extensions/fxdriver@googlecode.com/components/driver-component.js:10770)
	at <anonymous class>.fxdriver.Timer.prototype.setTimeout/<.notify(file:///C:/Windows/TEMP/anonymous2933946421727741527webdriver-profile/extensions/fxdriver@googlecode.com/components/driver-component.js:625)
]]>
            </full-stacktrace>
          </exception> <!-- org.openqa.selenium.NoSuchElementException -->
          <reporter-output>
          </reporter-output>
        </test-method> <!-- ShopByBrand -->
        <test-method status="PASS" signature="reportDataSetResult()[pri:0, instance:com.fastudent.shopby.Homepage@13fee20c]" name="reportDataSetResult" is-config="true" duration-ms="38" started-at="2016-05-20T13:15:51Z" finished-at="2016-05-20T13:15:51Z">
          <reporter-output>
          </reporter-output>
        </test-method> <!-- reportDataSetResult -->
        <test-method status="PASS" signature="reportTestResult()[pri:0, instance:com.fastudent.shopby.Homepage@13fee20c]" name="reportTestResult" is-config="true" duration-ms="62" started-at="2016-05-20T13:15:51Z" finished-at="2016-05-20T13:15:51Z">
          <reporter-output>
          </reporter-output>
        </test-method> <!-- reportTestResult -->
      </class> <!-- com.fastudent.shopby.Homepage -->
    </test> <!-- shop by Test -->
  </suite> <!-- SHOP BY -->
  <suite name="My suite" duration-ms="0" started-at="2016-05-20T07:45:51Z" finished-at="2016-05-20T07:45:51Z">
    <groups>
    </groups>
  </suite> <!-- My suite -->
  <suite name="LOGIN" duration-ms="58382" started-at="2016-05-20T07:40:17Z" finished-at="2016-05-20T07:41:16Z">
    <groups>
    </groups>
    <test name="login  Test" duration-ms="58382" started-at="2016-05-20T07:40:17Z" finished-at="2016-05-20T07:41:16Z">
      <class name="com.fastudent.login.Login">
        <test-method status="PASS" signature="checkSuiteSkip()[pri:0, instance:com.fastudent.login.Login@5b464ce8]" name="checkSuiteSkip" is-config="true" duration-ms="595" started-at="2016-05-20T13:10:17Z" finished-at="2016-05-20T13:10:17Z">
          <reporter-output>
          </reporter-output>
        </test-method> <!-- checkSuiteSkip -->
        <test-method status="PASS" signature="checkTestSkip()[pri:0, instance:com.fastudent.login.Login@5b464ce8]" name="checkTestSkip" is-config="true" duration-ms="1" started-at="2016-05-20T13:10:17Z" finished-at="2016-05-20T13:10:17Z">
          <reporter-output>
          </reporter-output>
        </test-method> <!-- checkTestSkip -->
        <test-method status="PASS" signature="LoginMethod()[pri:0, instance:com.fastudent.login.Login@5b464ce8]" name="LoginMethod" duration-ms="58195" started-at="2016-05-20T13:10:17Z" finished-at="2016-05-20T13:11:16Z">
          <reporter-output>
          </reporter-output>
        </test-method> <!-- LoginMethod -->
        <test-method status="PASS" signature="reportDataSetResult()[pri:0, instance:com.fastudent.login.Login@5b464ce8]" name="reportDataSetResult" is-config="true" duration-ms="29" started-at="2016-05-20T13:11:16Z" finished-at="2016-05-20T13:11:16Z">
          <reporter-output>
          </reporter-output>
        </test-method> <!-- reportDataSetResult -->
        <test-method status="PASS" signature="reportTestResult()[pri:0, instance:com.fastudent.login.Login@5b464ce8]" name="reportTestResult" is-config="true" duration-ms="151" started-at="2016-05-20T13:11:16Z" finished-at="2016-05-20T13:11:16Z">
          <reporter-output>
          </reporter-output>
        </test-method> <!-- reportTestResult -->
      </class> <!-- com.fastudent.login.Login -->
    </test> <!-- login  Test -->
  </suite> <!-- LOGIN -->
  <suite name="ORDER PLACING" duration-ms="3" started-at="2016-05-20T07:43:06Z" finished-at="2016-05-20T07:43:06Z">
    <groups>
    </groups>
    <test name="order placing  Test" duration-ms="3" started-at="2016-05-20T07:43:06Z" finished-at="2016-05-20T07:43:06Z">
      <class name="com.fastudent.orderplacing.OrderPlace">
        <test-method status="PASS" signature="checkSuiteSkip()[pri:0, instance:com.fastudent.orderplacing.OrderPlace@2ed94a8b]" name="checkSuiteSkip" is-config="true" duration-ms="0" started-at="2016-05-20T13:13:06Z" finished-at="2016-05-20T13:13:06Z">
          <reporter-output>
          </reporter-output>
        </test-method> <!-- checkSuiteSkip -->
        <test-method status="SKIP" signature="checkTestSkip()[pri:0, instance:com.fastudent.orderplacing.OrderPlace@2ed94a8b]" name="checkTestSkip" is-config="true" duration-ms="0" started-at="2016-05-20T13:13:06Z" finished-at="2016-05-20T13:13:06Z">
          <exception class="org.testng.SkipException">
            <message>
              <![CDATA[Skipping Test CaseOrderPlace as runmode set to NO]]>
            </message>
            <full-stacktrace>
              <![CDATA[org.testng.SkipException: Skipping Test CaseOrderPlace as runmode set to NO
	at com.fastudent.orderplacing.OrderPlace.checkTestSkip(OrderPlace.java:32)
	at sun.reflect.NativeMethodAccessorImpl.invoke0(Native Method)
	at sun.reflect.NativeMethodAccessorImpl.invoke(NativeMethodAccessorImpl.java:62)
	at sun.reflect.DelegatingMethodAccessorImpl.invoke(DelegatingMethodAccessorImpl.java:43)
	at java.lang.reflect.Method.invoke(Method.java:498)
	at org.testng.internal.MethodInvocationHelper.invokeMethod(MethodInvocationHelper.java:85)
	at org.testng.internal.Invoker.invokeConfigurationMethod(Invoker.java:510)
	at org.testng.internal.Invoker.invokeConfigurations(Invoker.java:211)
	at org.testng.internal.Invoker.invokeConfigurations(Invoker.java:138)
	at org.testng.TestRunner.beforeRun(TestRunner.java:647)
	at org.testng.TestRunner.run(TestRunner.java:615)
	at org.testng.SuiteRunner.runTest(SuiteRunner.java:357)
	at org.testng.SuiteRunner.runSequentially(SuiteRunner.java:352)
	at org.testng.SuiteRunner.privateRun(SuiteRunner.java:310)
	at org.testng.SuiteRunner.run(SuiteRunner.java:259)
	at org.testng.SuiteRunnerWorker.runSuite(SuiteRunnerWorker.java:52)
	at org.testng.SuiteRunnerWorker.run(SuiteRunnerWorker.java:86)
	at org.testng.TestNG.runSuitesSequentially(TestNG.java:1185)
	at org.testng.TestNG.runSuitesSequentially(TestNG.java:1181)
	at org.testng.TestNG.runSuitesLocally(TestNG.java:1110)
	at org.testng.TestNG.run(TestNG.java:1018)
	at org.testng.TestNG.privateMain(TestNG.java:1325)
	at org.testng.TestNG.main(TestNG.java:1294)
]]>
            </full-stacktrace>
          </exception> <!-- org.testng.SkipException -->
          <reporter-output>
          </reporter-output>
        </test-method> <!-- checkTestSkip -->
        <test-method status="SKIP" signature="AddProduct()[pri:0, instance:com.fastudent.orderplacing.OrderPlace@2ed94a8b]" name="AddProduct" duration-ms="0" started-at="2016-05-20T13:13:06Z" finished-at="2016-05-20T13:13:06Z">
          <reporter-output>
          </reporter-output>
        </test-method> <!-- AddProduct -->
        <test-method status="SKIP" signature="reportTestResult()[pri:0, instance:com.fastudent.orderplacing.OrderPlace@2ed94a8b]" name="reportTestResult" is-config="true" duration-ms="0" started-at="2016-05-20T13:13:06Z" finished-at="2016-05-20T13:13:06Z">
          <reporter-output>
          </reporter-output>
        </test-method> <!-- reportTestResult -->
        <test-method status="SKIP" signature="reportDataSetResult()[pri:0, instance:com.fastudent.orderplacing.OrderPlace@2ed94a8b]" name="reportDataSetResult" is-config="true" duration-ms="0" started-at="2016-05-20T13:13:06Z" finished-at="2016-05-20T13:13:06Z">
          <reporter-output>
          </reporter-output>
        </test-method> <!-- reportDataSetResult -->
      </class> <!-- com.fastudent.orderplacing.OrderPlace -->
    </test> <!-- order placing  Test -->
  </suite> <!-- ORDER PLACING -->
  <suite name="ADD PRODUCT" duration-ms="109718" started-at="2016-05-20T07:41:16Z" finished-at="2016-05-20T07:43:06Z">
    <groups>
    </groups>
    <test name="Add product Test" duration-ms="109718" started-at="2016-05-20T07:41:16Z" finished-at="2016-05-20T07:43:06Z">
      <class name="com.fastudent.addproduct.Vocational">
        <test-method status="PASS" signature="checkSuiteSkip()[pri:0, instance:com.fastudent.addproduct.Vocational@668bc3d5]" name="checkSuiteSkip" is-config="true" duration-ms="0" started-at="2016-05-20T13:11:16Z" finished-at="2016-05-20T13:11:16Z">
          <reporter-output>
          </reporter-output>
        </test-method> <!-- checkSuiteSkip -->
        <test-method status="PASS" signature="checkTestSkip()[pri:0, instance:com.fastudent.addproduct.Vocational@668bc3d5]" name="checkTestSkip" is-config="true" duration-ms="0" started-at="2016-05-20T13:11:16Z" finished-at="2016-05-20T13:11:16Z">
          <reporter-output>
          </reporter-output>
        </test-method> <!-- checkTestSkip -->
        <test-method status="PASS" signature="AddProduct()[pri:0, instance:com.fastudent.addproduct.Vocational@668bc3d5]" name="AddProduct" duration-ms="109636" started-at="2016-05-20T13:11:16Z" finished-at="2016-05-20T13:13:05Z">
          <reporter-output>
          </reporter-output>
        </test-method> <!-- AddProduct -->
        <test-method status="PASS" signature="reportDataSetResult()[pri:0, instance:com.fastudent.addproduct.Vocational@668bc3d5]" name="reportDataSetResult" is-config="true" duration-ms="24" started-at="2016-05-20T13:13:05Z" finished-at="2016-05-20T13:13:05Z">
          <reporter-output>
          </reporter-output>
        </test-method> <!-- reportDataSetResult -->
        <test-method status="PASS" signature="reportTestResult()[pri:0, instance:com.fastudent.addproduct.Vocational@668bc3d5]" name="reportTestResult" is-config="true" duration-ms="57" started-at="2016-05-20T13:13:05Z" finished-at="2016-05-20T13:13:06Z">
          <reporter-output>
          </reporter-output>
        </test-method> <!-- reportTestResult -->
      </class> <!-- com.fastudent.addproduct.Vocational -->
    </test> <!-- Add product Test -->
  </suite> <!-- ADD PRODUCT -->
</testng-results>
